<?xml version="1.0" encoding="UTF-8"?>
<!-- Generated by org.testng.reporters.JUnitXMLReporter -->
<testsuite hostname="DESKTOP-24R0QIM" name="Test" tests="1" failures="0" timestamp="20 Feb 2022 18:53:41 GMT" time="0.042" errors="0">
  <testcase name="@BeforeClass setup" time="0.0" classname="com.automation.testcases.LoginTestCRM">
    <failure type="java.lang.NoClassDefFoundError" message="com/google/common/collect/ImmutableMap">
      <![CDATA[java.lang.NoClassDefFoundError: com/google/common/collect/ImmutableMap
	at org.openqa.selenium.chrome.ChromeDriver$ChromeDriverCommandExecutor.getExtraCommands(ChromeDriver.java:115)
	at org.openqa.selenium.chrome.ChromeDriver$ChromeDriverCommandExecutor.<init>(ChromeDriver.java:111)
	at org.openqa.selenium.chrome.ChromeDriver.<init>(ChromeDriver.java:104)
	at org.openqa.selenium.chrome.ChromeDriver.<init>(ChromeDriver.java:91)
	at org.openqa.selenium.chrome.ChromeDriver.<init>(ChromeDriver.java:46)
	at com.automation.utility.BrowserFactory.startApplication(BrowserFactory.java:16)
	at com.automation.pages.BaseClass.setup(BaseClass.java:41)
Caused by: java.lang.ClassNotFoundException: com.google.common.collect.ImmutableMap
	at java.net.URLClassLoader.findClass(Unknown Source)
	at java.lang.ClassLoader.loadClass(Unknown Source)
	at sun.misc.Launcher$AppClassLoader.loadClass(Unknown Source)
	at java.lang.ClassLoader.loadClass(Unknown Source)
	... 31 more
... Removed 24 stack frames]]>
    </failure>
  </testcase> <!-- @BeforeClass setup -->
  <testcase name="@AfterMethod tearDownMethod" time="0.0" classname="com.automation.testcases.LoginTestCRM">
    <skipped/>
  </testcase> <!-- @AfterMethod tearDownMethod -->
  <testcase name="@AfterClass tearDown" time="0.0" classname="com.automation.testcases.LoginTestCRM">
    <skipped/>
  </testcase> <!-- @AfterClass tearDown -->
  <testcase name="loginApp" time="0.008" classname="com.automation.testcases.LoginTestCRM">
    <skipped/>
  </testcase> <!-- loginApp -->
</testsuite> <!-- Test -->
